[2026-02-23T14:08:41.730+0000] {local_task_job_runner.py:123} INFO - ::group::Pre task execution logs
[2026-02-23T14:08:41.745+0000] {taskinstance.py:2613} INFO - Dependencies all met for dep_context=non-requeueable deps ti=<TaskInstance: weather_dbt_pipeline.dbt_run manual__2026-02-23T14:08:37.278704+00:00 [queued]>
[2026-02-23T14:08:41.750+0000] {taskinstance.py:2613} INFO - Dependencies all met for dep_context=requeueable deps ti=<TaskInstance: weather_dbt_pipeline.dbt_run manual__2026-02-23T14:08:37.278704+00:00 [queued]>
[2026-02-23T14:08:41.751+0000] {taskinstance.py:2866} INFO - Starting attempt 1 of 1
[2026-02-23T14:08:41.759+0000] {taskinstance.py:2889} INFO - Executing <Task(BashOperator): dbt_run> on 2026-02-23 14:08:37.278704+00:00
[2026-02-23T14:08:41.766+0000] {standard_task_runner.py:72} INFO - Started process 347 to run task
[2026-02-23T14:08:41.769+0000] {standard_task_runner.py:104} INFO - Running: ['***', 'tasks', 'run', 'weather_dbt_pipeline', 'dbt_run', 'manual__2026-02-23T14:08:37.278704+00:00', '--job-id', '13', '--raw', '--subdir', 'DAGS_FOLDER/weather_dbt_pipeline.py', '--cfg-path', '/tmp/tmpq4fzg4dv']
[2026-02-23T14:08:41.771+0000] {standard_task_runner.py:105} INFO - Job 13: Subtask dbt_run
[2026-02-23T14:08:41.827+0000] {task_command.py:467} INFO - Running <TaskInstance: weather_dbt_pipeline.dbt_run manual__2026-02-23T14:08:37.278704+00:00 [running]> on host 0dfe855493e3
[2026-02-23T14:08:41.890+0000] {taskinstance.py:3132} INFO - Exporting env vars: AIRFLOW_CTX_DAG_OWNER='***' AIRFLOW_CTX_DAG_ID='weather_dbt_pipeline' AIRFLOW_CTX_TASK_ID='dbt_run' AIRFLOW_CTX_EXECUTION_DATE='2026-02-23T14:08:37.278704+00:00' AIRFLOW_CTX_TRY_NUMBER='1' AIRFLOW_CTX_DAG_RUN_ID='manual__2026-02-23T14:08:37.278704+00:00'
[2026-02-23T14:08:41.891+0000] {taskinstance.py:731} INFO - ::endgroup::
[2026-02-23T14:08:41.898+0000] {subprocess.py:78} INFO - Tmp dir root location: /tmp
[2026-02-23T14:08:41.900+0000] {subprocess.py:88} INFO - Running command: ['/usr/bin/bash', '-c', '\n        cd $DBT_PROJECT_DIR &&         dbt run --profiles-dir $DBT_PROFILES_DIR\n        ']
[2026-02-23T14:08:41.909+0000] {subprocess.py:99} INFO - Output:
[2026-02-23T14:08:43.218+0000] {subprocess.py:106} INFO - [0m14:08:43  Running with dbt=1.10.7
[2026-02-23T14:08:43.356+0000] {subprocess.py:106} INFO - [0m14:08:43  Registered adapter: postgres=1.9.0
[2026-02-23T14:08:43.884+0000] {subprocess.py:106} INFO - [0m14:08:43  Found 4 models, 2 data tests, 1 source, 435 macros
[2026-02-23T14:08:43.886+0000] {subprocess.py:106} INFO - [0m14:08:43
[2026-02-23T14:08:43.887+0000] {subprocess.py:106} INFO - [0m14:08:43  Concurrency: 1 threads (target='dev')
[2026-02-23T14:08:43.888+0000] {subprocess.py:106} INFO - [0m14:08:43
[2026-02-23T14:08:44.008+0000] {subprocess.py:106} INFO - [0m14:08:44  1 of 4 START sql view model silver.stg_weather ................................. [RUN]
[2026-02-23T14:08:44.099+0000] {subprocess.py:106} INFO - [0m14:08:44  1 of 4 OK created sql view model silver.stg_weather ............................ [[32mCREATE VIEW[0m in 0.09s]
[2026-02-23T14:08:44.102+0000] {subprocess.py:106} INFO - [0m14:08:44  2 of 4 START sql table model gold.dim_date ..................................... [RUN]
[2026-02-23T14:08:44.178+0000] {subprocess.py:106} INFO - [0m14:08:44  2 of 4 OK created sql table model gold.dim_date ................................ [[32mSELECT 14[0m in 0.07s]
[2026-02-23T14:08:44.180+0000] {subprocess.py:106} INFO - [0m14:08:44  3 of 4 START sql table model gold.dim_location ................................. [RUN]
[2026-02-23T14:08:44.237+0000] {subprocess.py:106} INFO - [0m14:08:44  3 of 4 OK created sql table model gold.dim_location ............................ [[32mSELECT 1[0m in 0.05s]
[2026-02-23T14:08:44.240+0000] {subprocess.py:106} INFO - [0m14:08:44  4 of 4 START sql table model gold.fct_weather_daily ............................ [RUN]
[2026-02-23T14:08:44.298+0000] {subprocess.py:106} INFO - [0m14:08:44  4 of 4 OK created sql table model gold.fct_weather_daily ....................... [[32mSELECT 14[0m in 0.06s]
[2026-02-23T14:08:44.315+0000] {subprocess.py:106} INFO - [0m14:08:44
[2026-02-23T14:08:44.316+0000] {subprocess.py:106} INFO - [0m14:08:44  Finished running 3 table models, 1 view model in 0 hours 0 minutes and 0.43 seconds (0.43s).
[2026-02-23T14:08:44.353+0000] {subprocess.py:106} INFO - [0m14:08:44
[2026-02-23T14:08:44.354+0000] {subprocess.py:106} INFO - [0m14:08:44  [32mCompleted successfully[0m
[2026-02-23T14:08:44.355+0000] {subprocess.py:106} INFO - [0m14:08:44
[2026-02-23T14:08:44.355+0000] {subprocess.py:106} INFO - [0m14:08:44  Done. PASS=4 WARN=0 ERROR=0 SKIP=0 NO-OP=0 TOTAL=4
[2026-02-23T14:08:45.924+0000] {subprocess.py:110} INFO - Command exited with return code 0
[2026-02-23T14:08:45.948+0000] {taskinstance.py:340} INFO - ::group::Post task execution logs
[2026-02-23T14:08:45.949+0000] {taskinstance.py:352} INFO - Marking task as SUCCESS. dag_id=weather_dbt_pipeline, task_id=dbt_run, run_id=manual__2026-02-23T14:08:37.278704+00:00, execution_date=20260223T140837, start_date=20260223T140841, end_date=20260223T140845
[2026-02-23T14:08:45.993+0000] {local_task_job_runner.py:266} INFO - Task exited with return code 0
[2026-02-23T14:08:46.017+0000] {taskinstance.py:3895} INFO - 1 downstream tasks scheduled from follow-on schedule check
[2026-02-23T14:08:46.019+0000] {local_task_job_runner.py:245} INFO - ::endgroup::
