[2026-02-23T14:08:53.831+0000] {local_task_job_runner.py:123} INFO - ::group::Pre task execution logs
[2026-02-23T14:08:53.848+0000] {taskinstance.py:2613} INFO - Dependencies all met for dep_context=non-requeueable deps ti=<TaskInstance: weather_dbt_pipeline.dbt_docs_generate manual__2026-02-23T14:08:37.278704+00:00 [queued]>
[2026-02-23T14:08:53.855+0000] {taskinstance.py:2613} INFO - Dependencies all met for dep_context=requeueable deps ti=<TaskInstance: weather_dbt_pipeline.dbt_docs_generate manual__2026-02-23T14:08:37.278704+00:00 [queued]>
[2026-02-23T14:08:53.856+0000] {taskinstance.py:2866} INFO - Starting attempt 1 of 1
[2026-02-23T14:08:53.864+0000] {taskinstance.py:2889} INFO - Executing <Task(BashOperator): dbt_docs_generate> on 2026-02-23 14:08:37.278704+00:00
[2026-02-23T14:08:53.870+0000] {standard_task_runner.py:72} INFO - Started process 393 to run task
[2026-02-23T14:08:53.874+0000] {standard_task_runner.py:104} INFO - Running: ['***', 'tasks', 'run', 'weather_dbt_pipeline', 'dbt_docs_generate', 'manual__2026-02-23T14:08:37.278704+00:00', '--job-id', '15', '--raw', '--subdir', 'DAGS_FOLDER/weather_dbt_pipeline.py', '--cfg-path', '/tmp/tmpj6n5glgx']
[2026-02-23T14:08:53.876+0000] {standard_task_runner.py:105} INFO - Job 15: Subtask dbt_docs_generate
[2026-02-23T14:08:53.935+0000] {task_command.py:467} INFO - Running <TaskInstance: weather_dbt_pipeline.dbt_docs_generate manual__2026-02-23T14:08:37.278704+00:00 [running]> on host 0dfe855493e3
[2026-02-23T14:08:54.008+0000] {taskinstance.py:3132} INFO - Exporting env vars: AIRFLOW_CTX_DAG_OWNER='***' AIRFLOW_CTX_DAG_ID='weather_dbt_pipeline' AIRFLOW_CTX_TASK_ID='dbt_docs_generate' AIRFLOW_CTX_EXECUTION_DATE='2026-02-23T14:08:37.278704+00:00' AIRFLOW_CTX_TRY_NUMBER='1' AIRFLOW_CTX_DAG_RUN_ID='manual__2026-02-23T14:08:37.278704+00:00'
[2026-02-23T14:08:54.010+0000] {taskinstance.py:731} INFO - ::endgroup::
[2026-02-23T14:08:54.018+0000] {subprocess.py:78} INFO - Tmp dir root location: /tmp
[2026-02-23T14:08:54.019+0000] {subprocess.py:88} INFO - Running command: ['/usr/bin/bash', '-c', '\n        cd $DBT_PROJECT_DIR &&         dbt docs generate --profiles-dir $DBT_PROFILES_DIR\n        ']
[2026-02-23T14:08:54.030+0000] {subprocess.py:99} INFO - Output:
[2026-02-23T14:08:55.593+0000] {subprocess.py:106} INFO - [0m14:08:55  Running with dbt=1.10.7
[2026-02-23T14:08:55.761+0000] {subprocess.py:106} INFO - [0m14:08:55  Registered adapter: postgres=1.9.0
[2026-02-23T14:08:56.175+0000] {subprocess.py:106} INFO - [0m14:08:56  Found 4 models, 2 data tests, 1 source, 435 macros
[2026-02-23T14:08:56.179+0000] {subprocess.py:106} INFO - [0m14:08:56
[2026-02-23T14:08:56.181+0000] {subprocess.py:106} INFO - [0m14:08:56  Concurrency: 1 threads (target='dev')
[2026-02-23T14:08:56.182+0000] {subprocess.py:106} INFO - [0m14:08:56
[2026-02-23T14:08:56.645+0000] {subprocess.py:106} INFO - [0m14:08:56  Building catalog
[2026-02-23T14:08:56.755+0000] {subprocess.py:106} INFO - [0m14:08:56  Catalog written to /opt/***/dbt/weather_dbt/target/catalog.json
[2026-02-23T14:08:58.299+0000] {subprocess.py:110} INFO - Command exited with return code 0
[2026-02-23T14:08:58.329+0000] {taskinstance.py:340} INFO - ::group::Post task execution logs
[2026-02-23T14:08:58.331+0000] {taskinstance.py:352} INFO - Marking task as SUCCESS. dag_id=weather_dbt_pipeline, task_id=dbt_docs_generate, run_id=manual__2026-02-23T14:08:37.278704+00:00, execution_date=20260223T140837, start_date=20260223T140853, end_date=20260223T140858
[2026-02-23T14:08:58.386+0000] {local_task_job_runner.py:266} INFO - Task exited with return code 0
[2026-02-23T14:08:58.406+0000] {taskinstance.py:3895} INFO - 0 downstream tasks scheduled from follow-on schedule check
[2026-02-23T14:08:58.408+0000] {local_task_job_runner.py:245} INFO - ::endgroup::
