[2026-02-23T17:51:30.489+0000] {local_task_job_runner.py:123} INFO - ::group::Pre task execution logs
[2026-02-23T17:51:30.505+0000] {taskinstance.py:2613} INFO - Dependencies all met for dep_context=non-requeueable deps ti=<TaskInstance: weather_dbt_pipeline.init_warehouse manual__2026-02-23T17:51:29.692207+00:00 [queued]>
[2026-02-23T17:51:30.513+0000] {taskinstance.py:2613} INFO - Dependencies all met for dep_context=requeueable deps ti=<TaskInstance: weather_dbt_pipeline.init_warehouse manual__2026-02-23T17:51:29.692207+00:00 [queued]>
[2026-02-23T17:51:30.514+0000] {taskinstance.py:2866} INFO - Starting attempt 1 of 1
[2026-02-23T17:51:30.523+0000] {taskinstance.py:2889} INFO - Executing <Task(BashOperator): init_warehouse> on 2026-02-23 17:51:29.692207+00:00
[2026-02-23T17:51:30.531+0000] {standard_task_runner.py:72} INFO - Started process 356 to run task
[2026-02-23T17:51:30.535+0000] {standard_task_runner.py:104} INFO - Running: ['***', 'tasks', 'run', 'weather_dbt_pipeline', 'init_warehouse', 'manual__2026-02-23T17:51:29.692207+00:00', '--job-id', '2', '--raw', '--subdir', 'DAGS_FOLDER/weather_dbt_pipeline.py', '--cfg-path', '/tmp/tmpn8izo85a']
[2026-02-23T17:51:30.538+0000] {standard_task_runner.py:105} INFO - Job 2: Subtask init_warehouse
[2026-02-23T17:51:30.604+0000] {task_command.py:467} INFO - Running <TaskInstance: weather_dbt_pipeline.init_warehouse manual__2026-02-23T17:51:29.692207+00:00 [running]> on host c6f1f190a75b
[2026-02-23T17:51:30.687+0000] {taskinstance.py:3132} INFO - Exporting env vars: AIRFLOW_CTX_DAG_OWNER='***' AIRFLOW_CTX_DAG_ID='weather_dbt_pipeline' AIRFLOW_CTX_TASK_ID='init_warehouse' AIRFLOW_CTX_EXECUTION_DATE='2026-02-23T17:51:29.692207+00:00' AIRFLOW_CTX_TRY_NUMBER='1' AIRFLOW_CTX_DAG_RUN_ID='manual__2026-02-23T17:51:29.692207+00:00'
[2026-02-23T17:51:30.689+0000] {taskinstance.py:731} INFO - ::endgroup::
[2026-02-23T17:51:30.719+0000] {subprocess.py:78} INFO - Tmp dir root location: /tmp
[2026-02-23T17:51:30.721+0000] {subprocess.py:88} INFO - Running command: ['/usr/bin/bash', '-c', '\n        psql -h $WAREHOUSE_HOST -p $WAREHOUSE_PORT -U $WAREHOUSE_USER -d $WAREHOUSE_DB              -f /opt/***/dbt/init_warehouse.sql\n        ']
[2026-02-23T17:51:30.735+0000] {subprocess.py:99} INFO - Output:
[2026-02-23T17:51:30.859+0000] {subprocess.py:106} INFO - CREATE SCHEMA
[2026-02-23T17:51:30.860+0000] {subprocess.py:106} INFO - CREATE SCHEMA
[2026-02-23T17:51:30.861+0000] {subprocess.py:106} INFO - CREATE SCHEMA
[2026-02-23T17:51:30.881+0000] {subprocess.py:106} INFO - CREATE TABLE
[2026-02-23T17:51:30.887+0000] {subprocess.py:110} INFO - Command exited with return code 0
[2026-02-23T17:51:30.915+0000] {taskinstance.py:340} INFO - ::group::Post task execution logs
[2026-02-23T17:51:30.916+0000] {taskinstance.py:352} INFO - Marking task as SUCCESS. dag_id=weather_dbt_pipeline, task_id=init_warehouse, run_id=manual__2026-02-23T17:51:29.692207+00:00, execution_date=20260223T175129, start_date=20260223T175130, end_date=20260223T175130
[2026-02-23T17:51:30.951+0000] {local_task_job_runner.py:266} INFO - Task exited with return code 0
[2026-02-23T17:51:30.975+0000] {taskinstance.py:3895} INFO - 1 downstream tasks scheduled from follow-on schedule check
[2026-02-23T17:51:30.977+0000] {local_task_job_runner.py:245} INFO - ::endgroup::
