[2026-02-23T18:09:01.055+0000] {local_task_job_runner.py:123} INFO - ::group::Pre task execution logs
[2026-02-23T18:09:01.073+0000] {taskinstance.py:2613} INFO - Dependencies all met for dep_context=non-requeueable deps ti=<TaskInstance: weather_dbt_pipeline.dbt_run manual__2026-02-23T18:08:54.015589+00:00 [queued]>
[2026-02-23T18:09:01.081+0000] {taskinstance.py:2613} INFO - Dependencies all met for dep_context=requeueable deps ti=<TaskInstance: weather_dbt_pipeline.dbt_run manual__2026-02-23T18:08:54.015589+00:00 [queued]>
[2026-02-23T18:09:01.082+0000] {taskinstance.py:2866} INFO - Starting attempt 1 of 1
[2026-02-23T18:09:01.094+0000] {taskinstance.py:2889} INFO - Executing <Task(BashOperator): dbt_run> on 2026-02-23 18:08:54.015589+00:00
[2026-02-23T18:09:01.101+0000] {standard_task_runner.py:72} INFO - Started process 762 to run task
[2026-02-23T18:09:01.104+0000] {standard_task_runner.py:104} INFO - Running: ['***', 'tasks', 'run', 'weather_dbt_pipeline', 'dbt_run', 'manual__2026-02-23T18:08:54.015589+00:00', '--job-id', '23', '--raw', '--subdir', 'DAGS_FOLDER/weather_dbt_pipeline.py', '--cfg-path', '/tmp/tmpyu4o1o6m']
[2026-02-23T18:09:01.107+0000] {standard_task_runner.py:105} INFO - Job 23: Subtask dbt_run
[2026-02-23T18:09:01.175+0000] {task_command.py:467} INFO - Running <TaskInstance: weather_dbt_pipeline.dbt_run manual__2026-02-23T18:08:54.015589+00:00 [running]> on host c6f1f190a75b
[2026-02-23T18:09:01.259+0000] {taskinstance.py:3132} INFO - Exporting env vars: AIRFLOW_CTX_DAG_OWNER='***' AIRFLOW_CTX_DAG_ID='weather_dbt_pipeline' AIRFLOW_CTX_TASK_ID='dbt_run' AIRFLOW_CTX_EXECUTION_DATE='2026-02-23T18:08:54.015589+00:00' AIRFLOW_CTX_TRY_NUMBER='1' AIRFLOW_CTX_DAG_RUN_ID='manual__2026-02-23T18:08:54.015589+00:00'
[2026-02-23T18:09:01.262+0000] {taskinstance.py:731} INFO - ::endgroup::
[2026-02-23T18:09:01.271+0000] {subprocess.py:78} INFO - Tmp dir root location: /tmp
[2026-02-23T18:09:01.273+0000] {subprocess.py:88} INFO - Running command: ['/usr/bin/bash', '-c', '\n        cd $DBT_PROJECT_DIR &&         dbt run --profiles-dir $DBT_PROFILES_DIR\n        ']
[2026-02-23T18:09:01.287+0000] {subprocess.py:99} INFO - Output:
[2026-02-23T18:09:03.515+0000] {subprocess.py:106} INFO - [0m18:09:03  Running with dbt=1.10.7
[2026-02-23T18:09:03.776+0000] {subprocess.py:106} INFO - [0m18:09:03  Registered adapter: postgres=1.9.0
[2026-02-23T18:09:04.558+0000] {subprocess.py:106} INFO - [0m18:09:04  Found 4 models, 13 data tests, 1 source, 435 macros
[2026-02-23T18:09:04.561+0000] {subprocess.py:106} INFO - [0m18:09:04
[2026-02-23T18:09:04.562+0000] {subprocess.py:106} INFO - [0m18:09:04  Concurrency: 1 threads (target='dev')
[2026-02-23T18:09:04.564+0000] {subprocess.py:106} INFO - [0m18:09:04
[2026-02-23T18:09:04.708+0000] {subprocess.py:106} INFO - [0m18:09:04  1 of 4 START sql view model silver.stg_weather ................................. [RUN]
[2026-02-23T18:09:04.809+0000] {subprocess.py:106} INFO - [0m18:09:04  1 of 4 OK created sql view model silver.stg_weather ............................ [[32mCREATE VIEW[0m in 0.10s]
[2026-02-23T18:09:04.812+0000] {subprocess.py:106} INFO - [0m18:09:04  2 of 4 START sql table model gold.dim_date ..................................... [RUN]
[2026-02-23T18:09:04.893+0000] {subprocess.py:106} INFO - [0m18:09:04  2 of 4 OK created sql table model gold.dim_date ................................ [[32mSELECT 0[0m in 0.08s]
[2026-02-23T18:09:04.896+0000] {subprocess.py:106} INFO - [0m18:09:04  3 of 4 START sql table model gold.dim_location ................................. [RUN]
[2026-02-23T18:09:04.960+0000] {subprocess.py:106} INFO - [0m18:09:04  3 of 4 OK created sql table model gold.dim_location ............................ [[32mSELECT 0[0m in 0.06s]
[2026-02-23T18:09:04.964+0000] {subprocess.py:106} INFO - [0m18:09:04  4 of 4 START sql table model gold.fct_weather_daily ............................ [RUN]
[2026-02-23T18:09:05.028+0000] {subprocess.py:106} INFO - [0m18:09:05  4 of 4 OK created sql table model gold.fct_weather_daily ....................... [[32mSELECT 0[0m in 0.06s]
[2026-02-23T18:09:05.050+0000] {subprocess.py:106} INFO - [0m18:09:05
[2026-02-23T18:09:05.051+0000] {subprocess.py:106} INFO - [0m18:09:05  Finished running 3 table models, 1 view model in 0 hours 0 minutes and 0.49 seconds (0.49s).
[2026-02-23T18:09:05.097+0000] {subprocess.py:106} INFO - [0m18:09:05
[2026-02-23T18:09:05.098+0000] {subprocess.py:106} INFO - [0m18:09:05  [32mCompleted successfully[0m
[2026-02-23T18:09:05.099+0000] {subprocess.py:106} INFO - [0m18:09:05
[2026-02-23T18:09:05.100+0000] {subprocess.py:106} INFO - [0m18:09:05  Done. PASS=4 WARN=0 ERROR=0 SKIP=0 NO-OP=0 TOTAL=4
[2026-02-23T18:09:06.897+0000] {subprocess.py:110} INFO - Command exited with return code 0
[2026-02-23T18:09:06.921+0000] {taskinstance.py:340} INFO - ::group::Post task execution logs
[2026-02-23T18:09:06.922+0000] {taskinstance.py:352} INFO - Marking task as SUCCESS. dag_id=weather_dbt_pipeline, task_id=dbt_run, run_id=manual__2026-02-23T18:08:54.015589+00:00, execution_date=20260223T180854, start_date=20260223T180901, end_date=20260223T180906
[2026-02-23T18:09:06.957+0000] {local_task_job_runner.py:266} INFO - Task exited with return code 0
[2026-02-23T18:09:06.978+0000] {taskinstance.py:3895} INFO - 1 downstream tasks scheduled from follow-on schedule check
[2026-02-23T18:09:06.980+0000] {local_task_job_runner.py:245} INFO - ::endgroup::
