[2026-02-23T17:59:38.721+0000] {local_task_job_runner.py:123} INFO - ::group::Pre task execution logs
[2026-02-23T17:59:38.740+0000] {taskinstance.py:2613} INFO - Dependencies all met for dep_context=non-requeueable deps ti=<TaskInstance: weather_dbt_pipeline.init_warehouse manual__2026-02-23T17:59:38.348025+00:00 [queued]>
[2026-02-23T17:59:38.749+0000] {taskinstance.py:2613} INFO - Dependencies all met for dep_context=requeueable deps ti=<TaskInstance: weather_dbt_pipeline.init_warehouse manual__2026-02-23T17:59:38.348025+00:00 [queued]>
[2026-02-23T17:59:38.751+0000] {taskinstance.py:2866} INFO - Starting attempt 1 of 1
[2026-02-23T17:59:38.761+0000] {taskinstance.py:2889} INFO - Executing <Task(BashOperator): init_warehouse> on 2026-02-23 17:59:38.348025+00:00
[2026-02-23T17:59:38.768+0000] {standard_task_runner.py:72} INFO - Started process 541 to run task
[2026-02-23T17:59:38.772+0000] {standard_task_runner.py:104} INFO - Running: ['***', 'tasks', 'run', 'weather_dbt_pipeline', 'init_warehouse', 'manual__2026-02-23T17:59:38.348025+00:00', '--job-id', '11', '--raw', '--subdir', 'DAGS_FOLDER/weather_dbt_pipeline.py', '--cfg-path', '/tmp/tmpicg7y94j']
[2026-02-23T17:59:38.775+0000] {standard_task_runner.py:105} INFO - Job 11: Subtask init_warehouse
[2026-02-23T17:59:38.850+0000] {task_command.py:467} INFO - Running <TaskInstance: weather_dbt_pipeline.init_warehouse manual__2026-02-23T17:59:38.348025+00:00 [running]> on host c6f1f190a75b
[2026-02-23T17:59:38.935+0000] {taskinstance.py:3132} INFO - Exporting env vars: AIRFLOW_CTX_DAG_OWNER='***' AIRFLOW_CTX_DAG_ID='weather_dbt_pipeline' AIRFLOW_CTX_TASK_ID='init_warehouse' AIRFLOW_CTX_EXECUTION_DATE='2026-02-23T17:59:38.348025+00:00' AIRFLOW_CTX_TRY_NUMBER='1' AIRFLOW_CTX_DAG_RUN_ID='manual__2026-02-23T17:59:38.348025+00:00'
[2026-02-23T17:59:38.938+0000] {taskinstance.py:731} INFO - ::endgroup::
[2026-02-23T17:59:38.956+0000] {subprocess.py:78} INFO - Tmp dir root location: /tmp
[2026-02-23T17:59:38.959+0000] {subprocess.py:88} INFO - Running command: ['/usr/bin/bash', '-c', '\n        psql -h $WAREHOUSE_HOST -p $WAREHOUSE_PORT -U $WAREHOUSE_USER -d $WAREHOUSE_DB              -f /opt/***/dbt/init_warehouse.sql\n        ']
[2026-02-23T17:59:38.974+0000] {subprocess.py:99} INFO - Output:
[2026-02-23T17:59:39.093+0000] {subprocess.py:106} INFO - psql:/opt/***/dbt/init_warehouse.sql:1: NOTICE:  schema "bronze" already exists, skipping
[2026-02-23T17:59:39.094+0000] {subprocess.py:106} INFO - CREATE SCHEMA
[2026-02-23T17:59:39.095+0000] {subprocess.py:106} INFO - psql:/opt/***/dbt/init_warehouse.sql:2: NOTICE:  schema "silver" already exists, skipping
[2026-02-23T17:59:39.096+0000] {subprocess.py:106} INFO - CREATE SCHEMA
[2026-02-23T17:59:39.096+0000] {subprocess.py:106} INFO - psql:/opt/***/dbt/init_warehouse.sql:3: NOTICE:  schema "gold" already exists, skipping
[2026-02-23T17:59:39.097+0000] {subprocess.py:106} INFO - CREATE SCHEMA
[2026-02-23T17:59:39.098+0000] {subprocess.py:106} INFO - psql:/opt/***/dbt/init_warehouse.sql:14: NOTICE:  relation "weather_raw" already exists, skipping
[2026-02-23T17:59:39.099+0000] {subprocess.py:106} INFO - CREATE TABLE
[2026-02-23T17:59:39.100+0000] {subprocess.py:110} INFO - Command exited with return code 0
[2026-02-23T17:59:39.128+0000] {taskinstance.py:340} INFO - ::group::Post task execution logs
[2026-02-23T17:59:39.129+0000] {taskinstance.py:352} INFO - Marking task as SUCCESS. dag_id=weather_dbt_pipeline, task_id=init_warehouse, run_id=manual__2026-02-23T17:59:38.348025+00:00, execution_date=20260223T175938, start_date=20260223T175938, end_date=20260223T175939
[2026-02-23T17:59:39.187+0000] {local_task_job_runner.py:266} INFO - Task exited with return code 0
[2026-02-23T17:59:39.214+0000] {taskinstance.py:3895} INFO - 1 downstream tasks scheduled from follow-on schedule check
[2026-02-23T17:59:39.218+0000] {local_task_job_runner.py:245} INFO - ::endgroup::
