[2026-02-23T18:35:15.531+0000] {local_task_job_runner.py:123} INFO - ::group::Pre task execution logs
[2026-02-23T18:35:15.549+0000] {taskinstance.py:2613} INFO - Dependencies all met for dep_context=non-requeueable deps ti=<TaskInstance: weather_dbt_pipeline.dbt_docs_generate manual__2026-02-23T18:34:57.254034+00:00 [queued]>
[2026-02-23T18:35:15.560+0000] {taskinstance.py:2613} INFO - Dependencies all met for dep_context=requeueable deps ti=<TaskInstance: weather_dbt_pipeline.dbt_docs_generate manual__2026-02-23T18:34:57.254034+00:00 [queued]>
[2026-02-23T18:35:15.561+0000] {taskinstance.py:2866} INFO - Starting attempt 1 of 1
[2026-02-23T18:35:15.574+0000] {taskinstance.py:2889} INFO - Executing <Task(BashOperator): dbt_docs_generate> on 2026-02-23 18:34:57.254034+00:00
[2026-02-23T18:35:15.581+0000] {standard_task_runner.py:72} INFO - Started process 365 to run task
[2026-02-23T18:35:15.585+0000] {standard_task_runner.py:104} INFO - Running: ['***', 'tasks', 'run', 'weather_dbt_pipeline', 'dbt_docs_generate', 'manual__2026-02-23T18:34:57.254034+00:00', '--job-id', '11', '--raw', '--subdir', 'DAGS_FOLDER/weather_dbt_pipeline.py', '--cfg-path', '/tmp/tmp2t386tjg']
[2026-02-23T18:35:15.588+0000] {standard_task_runner.py:105} INFO - Job 11: Subtask dbt_docs_generate
[2026-02-23T18:35:15.663+0000] {task_command.py:467} INFO - Running <TaskInstance: weather_dbt_pipeline.dbt_docs_generate manual__2026-02-23T18:34:57.254034+00:00 [running]> on host afe2ec64a205
[2026-02-23T18:35:15.760+0000] {taskinstance.py:3132} INFO - Exporting env vars: AIRFLOW_CTX_DAG_OWNER='***' AIRFLOW_CTX_DAG_ID='weather_dbt_pipeline' AIRFLOW_CTX_TASK_ID='dbt_docs_generate' AIRFLOW_CTX_EXECUTION_DATE='2026-02-23T18:34:57.254034+00:00' AIRFLOW_CTX_TRY_NUMBER='1' AIRFLOW_CTX_DAG_RUN_ID='manual__2026-02-23T18:34:57.254034+00:00'
[2026-02-23T18:35:15.762+0000] {taskinstance.py:731} INFO - ::endgroup::
[2026-02-23T18:35:15.771+0000] {subprocess.py:78} INFO - Tmp dir root location: /tmp
[2026-02-23T18:35:15.773+0000] {subprocess.py:88} INFO - Running command: ['/usr/bin/bash', '-c', '\n        cd $DBT_PROJECT_DIR &&         dbt docs generate --profiles-dir $DBT_PROFILES_DIR\n        ']
[2026-02-23T18:35:15.786+0000] {subprocess.py:99} INFO - Output:
[2026-02-23T18:35:17.502+0000] {subprocess.py:106} INFO - [0m18:35:17  Running with dbt=1.10.7
[2026-02-23T18:35:17.721+0000] {subprocess.py:106} INFO - [0m18:35:17  Registered adapter: postgres=1.9.0
[2026-02-23T18:35:18.146+0000] {subprocess.py:106} INFO - [0m18:35:18  Found 4 models, 11 data tests, 1 source, 435 macros
[2026-02-23T18:35:18.149+0000] {subprocess.py:106} INFO - [0m18:35:18
[2026-02-23T18:35:18.151+0000] {subprocess.py:106} INFO - [0m18:35:18  Concurrency: 1 threads (target='dev')
[2026-02-23T18:35:18.152+0000] {subprocess.py:106} INFO - [0m18:35:18
[2026-02-23T18:35:18.714+0000] {subprocess.py:106} INFO - [0m18:35:18  Building catalog
[2026-02-23T18:35:18.803+0000] {subprocess.py:106} INFO - [0m18:35:18  Catalog written to /opt/***/dbt/weather_dbt/target/catalog.json
[2026-02-23T18:35:20.390+0000] {subprocess.py:110} INFO - Command exited with return code 0
[2026-02-23T18:35:20.422+0000] {taskinstance.py:340} INFO - ::group::Post task execution logs
[2026-02-23T18:35:20.423+0000] {taskinstance.py:352} INFO - Marking task as SUCCESS. dag_id=weather_dbt_pipeline, task_id=dbt_docs_generate, run_id=manual__2026-02-23T18:34:57.254034+00:00, execution_date=20260223T183457, start_date=20260223T183515, end_date=20260223T183520
[2026-02-23T18:35:20.460+0000] {local_task_job_runner.py:266} INFO - Task exited with return code 0
[2026-02-23T18:35:20.476+0000] {taskinstance.py:3895} INFO - 0 downstream tasks scheduled from follow-on schedule check
[2026-02-23T18:35:20.479+0000] {local_task_job_runner.py:245} INFO - ::endgroup::
