[2026-02-23T18:10:13.486+0000] {local_task_job_runner.py:123} INFO - ::group::Pre task execution logs
[2026-02-23T18:10:13.502+0000] {taskinstance.py:2613} INFO - Dependencies all met for dep_context=non-requeueable deps ti=<TaskInstance: weather_dbt_pipeline.dbt_run manual__2026-02-23T18:10:03.316389+00:00 [queued]>
[2026-02-23T18:10:13.509+0000] {taskinstance.py:2613} INFO - Dependencies all met for dep_context=requeueable deps ti=<TaskInstance: weather_dbt_pipeline.dbt_run manual__2026-02-23T18:10:03.316389+00:00 [queued]>
[2026-02-23T18:10:13.510+0000] {taskinstance.py:2866} INFO - Starting attempt 1 of 1
[2026-02-23T18:10:13.520+0000] {taskinstance.py:2889} INFO - Executing <Task(BashOperator): dbt_run> on 2026-02-23 18:10:03.316389+00:00
[2026-02-23T18:10:13.526+0000] {standard_task_runner.py:72} INFO - Started process 821 to run task
[2026-02-23T18:10:13.529+0000] {standard_task_runner.py:104} INFO - Running: ['***', 'tasks', 'run', 'weather_dbt_pipeline', 'dbt_run', 'manual__2026-02-23T18:10:03.316389+00:00', '--job-id', '27', '--raw', '--subdir', 'DAGS_FOLDER/weather_dbt_pipeline.py', '--cfg-path', '/tmp/tmppd9roj4c']
[2026-02-23T18:10:13.532+0000] {standard_task_runner.py:105} INFO - Job 27: Subtask dbt_run
[2026-02-23T18:10:13.596+0000] {task_command.py:467} INFO - Running <TaskInstance: weather_dbt_pipeline.dbt_run manual__2026-02-23T18:10:03.316389+00:00 [running]> on host c6f1f190a75b
[2026-02-23T18:10:13.673+0000] {taskinstance.py:3132} INFO - Exporting env vars: AIRFLOW_CTX_DAG_OWNER='***' AIRFLOW_CTX_DAG_ID='weather_dbt_pipeline' AIRFLOW_CTX_TASK_ID='dbt_run' AIRFLOW_CTX_EXECUTION_DATE='2026-02-23T18:10:03.316389+00:00' AIRFLOW_CTX_TRY_NUMBER='1' AIRFLOW_CTX_DAG_RUN_ID='manual__2026-02-23T18:10:03.316389+00:00'
[2026-02-23T18:10:13.674+0000] {taskinstance.py:731} INFO - ::endgroup::
[2026-02-23T18:10:13.684+0000] {subprocess.py:78} INFO - Tmp dir root location: /tmp
[2026-02-23T18:10:13.686+0000] {subprocess.py:88} INFO - Running command: ['/usr/bin/bash', '-c', '\n        cd $DBT_PROJECT_DIR &&         dbt run --profiles-dir $DBT_PROFILES_DIR\n        ']
[2026-02-23T18:10:13.697+0000] {subprocess.py:99} INFO - Output:
[2026-02-23T18:10:15.852+0000] {subprocess.py:106} INFO - [0m18:10:15  Running with dbt=1.10.7
[2026-02-23T18:10:16.122+0000] {subprocess.py:106} INFO - [0m18:10:16  Registered adapter: postgres=1.9.0
[2026-02-23T18:10:16.917+0000] {subprocess.py:106} INFO - [0m18:10:16  Found 4 models, 11 data tests, 1 source, 435 macros
[2026-02-23T18:10:16.920+0000] {subprocess.py:106} INFO - [0m18:10:16
[2026-02-23T18:10:16.921+0000] {subprocess.py:106} INFO - [0m18:10:16  Concurrency: 1 threads (target='dev')
[2026-02-23T18:10:16.922+0000] {subprocess.py:106} INFO - [0m18:10:16
[2026-02-23T18:10:17.069+0000] {subprocess.py:106} INFO - [0m18:10:17  1 of 4 START sql view model silver.stg_weather ................................. [RUN]
[2026-02-23T18:10:17.182+0000] {subprocess.py:106} INFO - [0m18:10:17  1 of 4 OK created sql view model silver.stg_weather ............................ [[32mCREATE VIEW[0m in 0.11s]
[2026-02-23T18:10:17.186+0000] {subprocess.py:106} INFO - [0m18:10:17  2 of 4 START sql table model gold.dim_date ..................................... [RUN]
[2026-02-23T18:10:17.282+0000] {subprocess.py:106} INFO - [0m18:10:17  2 of 4 OK created sql table model gold.dim_date ................................ [[32mSELECT 0[0m in 0.09s]
[2026-02-23T18:10:17.286+0000] {subprocess.py:106} INFO - [0m18:10:17  3 of 4 START sql table model gold.dim_location ................................. [RUN]
[2026-02-23T18:10:17.346+0000] {subprocess.py:106} INFO - [0m18:10:17  3 of 4 OK created sql table model gold.dim_location ............................ [[32mSELECT 0[0m in 0.06s]
[2026-02-23T18:10:17.349+0000] {subprocess.py:106} INFO - [0m18:10:17  4 of 4 START sql table model gold.fct_weather_daily ............................ [RUN]
[2026-02-23T18:10:17.414+0000] {subprocess.py:106} INFO - [0m18:10:17  4 of 4 OK created sql table model gold.fct_weather_daily ....................... [[32mSELECT 0[0m in 0.06s]
[2026-02-23T18:10:17.432+0000] {subprocess.py:106} INFO - [0m18:10:17
[2026-02-23T18:10:17.433+0000] {subprocess.py:106} INFO - [0m18:10:17  Finished running 3 table models, 1 view model in 0 hours 0 minutes and 0.51 seconds (0.51s).
[2026-02-23T18:10:17.478+0000] {subprocess.py:106} INFO - [0m18:10:17
[2026-02-23T18:10:17.479+0000] {subprocess.py:106} INFO - [0m18:10:17  [32mCompleted successfully[0m
[2026-02-23T18:10:17.479+0000] {subprocess.py:106} INFO - [0m18:10:17
[2026-02-23T18:10:17.480+0000] {subprocess.py:106} INFO - [0m18:10:17  Done. PASS=4 WARN=0 ERROR=0 SKIP=0 NO-OP=0 TOTAL=4
[2026-02-23T18:10:19.427+0000] {subprocess.py:110} INFO - Command exited with return code 0
[2026-02-23T18:10:19.456+0000] {taskinstance.py:340} INFO - ::group::Post task execution logs
[2026-02-23T18:10:19.457+0000] {taskinstance.py:352} INFO - Marking task as SUCCESS. dag_id=weather_dbt_pipeline, task_id=dbt_run, run_id=manual__2026-02-23T18:10:03.316389+00:00, execution_date=20260223T181003, start_date=20260223T181013, end_date=20260223T181019
[2026-02-23T18:10:19.501+0000] {local_task_job_runner.py:266} INFO - Task exited with return code 0
[2026-02-23T18:10:19.520+0000] {taskinstance.py:3895} INFO - 1 downstream tasks scheduled from follow-on schedule check
[2026-02-23T18:10:19.522+0000] {local_task_job_runner.py:245} INFO - ::endgroup::
