[2026-02-23T18:04:06.138+0000] {local_task_job_runner.py:123} INFO - ::group::Pre task execution logs
[2026-02-23T18:04:06.156+0000] {taskinstance.py:2613} INFO - Dependencies all met for dep_context=non-requeueable deps ti=<TaskInstance: weather_dbt_pipeline.dbt_run manual__2026-02-23T18:03:59.227436+00:00 [queued]>
[2026-02-23T18:04:06.164+0000] {taskinstance.py:2613} INFO - Dependencies all met for dep_context=requeueable deps ti=<TaskInstance: weather_dbt_pipeline.dbt_run manual__2026-02-23T18:03:59.227436+00:00 [queued]>
[2026-02-23T18:04:06.167+0000] {taskinstance.py:2866} INFO - Starting attempt 1 of 1
[2026-02-23T18:04:06.177+0000] {taskinstance.py:2889} INFO - Executing <Task(BashOperator): dbt_run> on 2026-02-23 18:03:59.227436+00:00
[2026-02-23T18:04:06.183+0000] {standard_task_runner.py:72} INFO - Started process 663 to run task
[2026-02-23T18:04:06.186+0000] {standard_task_runner.py:104} INFO - Running: ['***', 'tasks', 'run', 'weather_dbt_pipeline', 'dbt_run', 'manual__2026-02-23T18:03:59.227436+00:00', '--job-id', '19', '--raw', '--subdir', 'DAGS_FOLDER/weather_dbt_pipeline.py', '--cfg-path', '/tmp/tmptof0n757']
[2026-02-23T18:04:06.189+0000] {standard_task_runner.py:105} INFO - Job 19: Subtask dbt_run
[2026-02-23T18:04:06.255+0000] {task_command.py:467} INFO - Running <TaskInstance: weather_dbt_pipeline.dbt_run manual__2026-02-23T18:03:59.227436+00:00 [running]> on host c6f1f190a75b
[2026-02-23T18:04:06.337+0000] {taskinstance.py:3132} INFO - Exporting env vars: AIRFLOW_CTX_DAG_OWNER='***' AIRFLOW_CTX_DAG_ID='weather_dbt_pipeline' AIRFLOW_CTX_TASK_ID='dbt_run' AIRFLOW_CTX_EXECUTION_DATE='2026-02-23T18:03:59.227436+00:00' AIRFLOW_CTX_TRY_NUMBER='1' AIRFLOW_CTX_DAG_RUN_ID='manual__2026-02-23T18:03:59.227436+00:00'
[2026-02-23T18:04:06.339+0000] {taskinstance.py:731} INFO - ::endgroup::
[2026-02-23T18:04:06.351+0000] {subprocess.py:78} INFO - Tmp dir root location: /tmp
[2026-02-23T18:04:06.353+0000] {subprocess.py:88} INFO - Running command: ['/usr/bin/bash', '-c', '\n        cd $DBT_PROJECT_DIR &&         dbt run --profiles-dir $DBT_PROFILES_DIR\n        ']
[2026-02-23T18:04:06.365+0000] {subprocess.py:99} INFO - Output:
[2026-02-23T18:04:08.831+0000] {subprocess.py:106} INFO - [0m18:04:08  Running with dbt=1.10.7
[2026-02-23T18:04:09.112+0000] {subprocess.py:106} INFO - [0m18:04:09  Registered adapter: postgres=1.9.0
[2026-02-23T18:04:09.824+0000] {subprocess.py:106} INFO - [0m18:04:09  Found 4 models, 14 data tests, 1 source, 435 macros
[2026-02-23T18:04:09.828+0000] {subprocess.py:106} INFO - [0m18:04:09
[2026-02-23T18:04:09.829+0000] {subprocess.py:106} INFO - [0m18:04:09  Concurrency: 1 threads (target='dev')
[2026-02-23T18:04:09.829+0000] {subprocess.py:106} INFO - [0m18:04:09
[2026-02-23T18:04:09.985+0000] {subprocess.py:106} INFO - [0m18:04:09  1 of 4 START sql view model silver.stg_weather ................................. [RUN]
[2026-02-23T18:04:10.104+0000] {subprocess.py:106} INFO - [0m18:04:10  1 of 4 OK created sql view model silver.stg_weather ............................ [[32mCREATE VIEW[0m in 0.12s]
[2026-02-23T18:04:10.108+0000] {subprocess.py:106} INFO - [0m18:04:10  2 of 4 START sql table model gold.dim_date ..................................... [RUN]
[2026-02-23T18:04:10.194+0000] {subprocess.py:106} INFO - [0m18:04:10  2 of 4 OK created sql table model gold.dim_date ................................ [[32mSELECT 0[0m in 0.08s]
[2026-02-23T18:04:10.196+0000] {subprocess.py:106} INFO - [0m18:04:10  3 of 4 START sql table model gold.dim_location ................................. [RUN]
[2026-02-23T18:04:10.261+0000] {subprocess.py:106} INFO - [0m18:04:10  3 of 4 OK created sql table model gold.dim_location ............................ [[32mSELECT 0[0m in 0.06s]
[2026-02-23T18:04:10.265+0000] {subprocess.py:106} INFO - [0m18:04:10  4 of 4 START sql table model gold.fct_weather_daily ............................ [RUN]
[2026-02-23T18:04:10.330+0000] {subprocess.py:106} INFO - [0m18:04:10  4 of 4 OK created sql table model gold.fct_weather_daily ....................... [[32mSELECT 0[0m in 0.06s]
[2026-02-23T18:04:10.347+0000] {subprocess.py:106} INFO - [0m18:04:10
[2026-02-23T18:04:10.348+0000] {subprocess.py:106} INFO - [0m18:04:10  Finished running 3 table models, 1 view model in 0 hours 0 minutes and 0.52 seconds (0.52s).
[2026-02-23T18:04:10.394+0000] {subprocess.py:106} INFO - [0m18:04:10
[2026-02-23T18:04:10.394+0000] {subprocess.py:106} INFO - [0m18:04:10  [32mCompleted successfully[0m
[2026-02-23T18:04:10.395+0000] {subprocess.py:106} INFO - [0m18:04:10
[2026-02-23T18:04:10.396+0000] {subprocess.py:106} INFO - [0m18:04:10  Done. PASS=4 WARN=0 ERROR=0 SKIP=0 NO-OP=0 TOTAL=4
[2026-02-23T18:04:12.009+0000] {subprocess.py:110} INFO - Command exited with return code 0
[2026-02-23T18:04:12.037+0000] {taskinstance.py:340} INFO - ::group::Post task execution logs
[2026-02-23T18:04:12.038+0000] {taskinstance.py:352} INFO - Marking task as SUCCESS. dag_id=weather_dbt_pipeline, task_id=dbt_run, run_id=manual__2026-02-23T18:03:59.227436+00:00, execution_date=20260223T180359, start_date=20260223T180406, end_date=20260223T180412
[2026-02-23T18:04:12.060+0000] {local_task_job_runner.py:266} INFO - Task exited with return code 0
[2026-02-23T18:04:12.077+0000] {taskinstance.py:3895} INFO - 0 downstream tasks scheduled from follow-on schedule check
[2026-02-23T18:04:12.079+0000] {local_task_job_runner.py:245} INFO - ::endgroup::
