[2026-02-23T18:24:22.215+0000] {local_task_job_runner.py:123} INFO - ::group::Pre task execution logs
[2026-02-23T18:24:22.232+0000] {taskinstance.py:2613} INFO - Dependencies all met for dep_context=non-requeueable deps ti=<TaskInstance: weather_dbt_pipeline.dbt_run manual__2026-02-23T18:24:15.768960+00:00 [queued]>
[2026-02-23T18:24:22.238+0000] {taskinstance.py:2613} INFO - Dependencies all met for dep_context=requeueable deps ti=<TaskInstance: weather_dbt_pipeline.dbt_run manual__2026-02-23T18:24:15.768960+00:00 [queued]>
[2026-02-23T18:24:22.238+0000] {taskinstance.py:2866} INFO - Starting attempt 1 of 1
[2026-02-23T18:24:22.247+0000] {taskinstance.py:2889} INFO - Executing <Task(BashOperator): dbt_run> on 2026-02-23 18:24:15.768960+00:00
[2026-02-23T18:24:22.252+0000] {standard_task_runner.py:72} INFO - Started process 194 to run task
[2026-02-23T18:24:22.255+0000] {standard_task_runner.py:104} INFO - Running: ['***', 'tasks', 'run', 'weather_dbt_pipeline', 'dbt_run', 'manual__2026-02-23T18:24:15.768960+00:00', '--job-id', '4', '--raw', '--subdir', 'DAGS_FOLDER/weather_dbt_pipeline.py', '--cfg-path', '/tmp/tmp7g8n_9jr']
[2026-02-23T18:24:22.259+0000] {standard_task_runner.py:105} INFO - Job 4: Subtask dbt_run
[2026-02-23T18:24:22.324+0000] {task_command.py:467} INFO - Running <TaskInstance: weather_dbt_pipeline.dbt_run manual__2026-02-23T18:24:15.768960+00:00 [running]> on host afe2ec64a205
[2026-02-23T18:24:22.406+0000] {taskinstance.py:3132} INFO - Exporting env vars: AIRFLOW_CTX_DAG_OWNER='***' AIRFLOW_CTX_DAG_ID='weather_dbt_pipeline' AIRFLOW_CTX_TASK_ID='dbt_run' AIRFLOW_CTX_EXECUTION_DATE='2026-02-23T18:24:15.768960+00:00' AIRFLOW_CTX_TRY_NUMBER='1' AIRFLOW_CTX_DAG_RUN_ID='manual__2026-02-23T18:24:15.768960+00:00'
[2026-02-23T18:24:22.407+0000] {taskinstance.py:731} INFO - ::endgroup::
[2026-02-23T18:24:22.416+0000] {subprocess.py:78} INFO - Tmp dir root location: /tmp
[2026-02-23T18:24:22.419+0000] {subprocess.py:88} INFO - Running command: ['/usr/bin/bash', '-c', '\n        cd $DBT_PROJECT_DIR &&         dbt run --profiles-dir $DBT_PROFILES_DIR\n        ']
[2026-02-23T18:24:22.431+0000] {subprocess.py:99} INFO - Output:
[2026-02-23T18:24:25.216+0000] {subprocess.py:106} INFO - [0m18:24:25  Running with dbt=1.10.7
[2026-02-23T18:24:25.457+0000] {subprocess.py:106} INFO - [0m18:24:25  Registered adapter: postgres=1.9.0
[2026-02-23T18:24:25.970+0000] {subprocess.py:106} INFO - [0m18:24:25  Found 4 models, 11 data tests, 1 source, 435 macros
[2026-02-23T18:24:25.974+0000] {subprocess.py:106} INFO - [0m18:24:25
[2026-02-23T18:24:25.975+0000] {subprocess.py:106} INFO - [0m18:24:25  Concurrency: 1 threads (target='dev')
[2026-02-23T18:24:25.976+0000] {subprocess.py:106} INFO - [0m18:24:25
[2026-02-23T18:24:26.203+0000] {subprocess.py:106} INFO - [0m18:24:26  1 of 4 START sql view model silver.stg_weather ................................. [RUN]
[2026-02-23T18:24:26.326+0000] {subprocess.py:106} INFO - [0m18:24:26  1 of 4 OK created sql view model silver.stg_weather ............................ [[32mCREATE VIEW[0m in 0.12s]
[2026-02-23T18:24:26.330+0000] {subprocess.py:106} INFO - [0m18:24:26  2 of 4 START sql table model gold.dim_date ..................................... [RUN]
[2026-02-23T18:24:26.424+0000] {subprocess.py:106} INFO - [0m18:24:26  2 of 4 OK created sql table model gold.dim_date ................................ [[32mSELECT 0[0m in 0.09s]
[2026-02-23T18:24:26.427+0000] {subprocess.py:106} INFO - [0m18:24:26  3 of 4 START sql table model gold.dim_location ................................. [RUN]
[2026-02-23T18:24:26.489+0000] {subprocess.py:106} INFO - [0m18:24:26  3 of 4 OK created sql table model gold.dim_location ............................ [[32mSELECT 0[0m in 0.06s]
[2026-02-23T18:24:26.492+0000] {subprocess.py:106} INFO - [0m18:24:26  4 of 4 START sql table model gold.fct_weather_daily ............................ [RUN]
[2026-02-23T18:24:26.560+0000] {subprocess.py:106} INFO - [0m18:24:26  4 of 4 OK created sql table model gold.fct_weather_daily ....................... [[32mSELECT 0[0m in 0.07s]
[2026-02-23T18:24:26.580+0000] {subprocess.py:106} INFO - [0m18:24:26
[2026-02-23T18:24:26.581+0000] {subprocess.py:106} INFO - [0m18:24:26  Finished running 3 table models, 1 view model in 0 hours 0 minutes and 0.60 seconds (0.60s).
[2026-02-23T18:24:26.632+0000] {subprocess.py:106} INFO - [0m18:24:26
[2026-02-23T18:24:26.633+0000] {subprocess.py:106} INFO - [0m18:24:26  [32mCompleted successfully[0m
[2026-02-23T18:24:26.633+0000] {subprocess.py:106} INFO - [0m18:24:26
[2026-02-23T18:24:26.634+0000] {subprocess.py:106} INFO - [0m18:24:26  Done. PASS=4 WARN=0 ERROR=0 SKIP=0 NO-OP=0 TOTAL=4
[2026-02-23T18:24:28.495+0000] {subprocess.py:110} INFO - Command exited with return code 0
[2026-02-23T18:24:28.522+0000] {taskinstance.py:340} INFO - ::group::Post task execution logs
[2026-02-23T18:24:28.523+0000] {taskinstance.py:352} INFO - Marking task as SUCCESS. dag_id=weather_dbt_pipeline, task_id=dbt_run, run_id=manual__2026-02-23T18:24:15.768960+00:00, execution_date=20260223T182415, start_date=20260223T182422, end_date=20260223T182428
[2026-02-23T18:24:28.559+0000] {local_task_job_runner.py:266} INFO - Task exited with return code 0
[2026-02-23T18:24:28.580+0000] {taskinstance.py:3895} INFO - 1 downstream tasks scheduled from follow-on schedule check
[2026-02-23T18:24:28.582+0000] {local_task_job_runner.py:245} INFO - ::endgroup::
