[2026-02-22T11:57:02.487+0000] {manager.py:483} INFO - Processing files using up to 2 processes at a time 
[2026-02-22T11:57:02.488+0000] {manager.py:484} INFO - Process each file at most once every 30 seconds
[2026-02-22T11:57:02.489+0000] {manager.py:485} INFO - Checking for new files in /opt/airflow/dags every 300 seconds
[2026-02-22T11:57:02.490+0000] {manager.py:821} INFO - Searching for files in /opt/airflow/dags
[2026-02-22T11:57:02.502+0000] {manager.py:824} INFO - There are 0 files in /opt/airflow/dags
[2026-02-22T12:02:02.993+0000] {manager.py:821} INFO - Searching for files in /opt/airflow/dags
[2026-02-22T12:02:03.005+0000] {manager.py:824} INFO - There are 0 files in /opt/airflow/dags
[2026-02-22T12:07:03.335+0000] {manager.py:821} INFO - Searching for files in /opt/airflow/dags
[2026-02-22T12:07:03.344+0000] {manager.py:824} INFO - There are 0 files in /opt/airflow/dags
[2026-02-22T12:12:05.074+0000] {manager.py:821} INFO - Searching for files in /opt/airflow/dags
[2026-02-22T12:12:05.085+0000] {manager.py:824} INFO - There are 0 files in /opt/airflow/dags
[2026-02-22T12:17:05.949+0000] {manager.py:821} INFO - Searching for files in /opt/airflow/dags
[2026-02-22T12:17:05.958+0000] {manager.py:824} INFO - There are 0 files in /opt/airflow/dags
[2026-02-22T12:22:06.778+0000] {manager.py:821} INFO - Searching for files in /opt/airflow/dags
[2026-02-22T12:22:06.810+0000] {manager.py:824} INFO - There are 0 files in /opt/airflow/dags
[2026-02-22T12:27:07.357+0000] {manager.py:821} INFO - Searching for files in /opt/airflow/dags
[2026-02-22T12:27:07.375+0000] {manager.py:824} INFO - There are 0 files in /opt/airflow/dags
[2026-02-22T12:32:07.763+0000] {manager.py:821} INFO - Searching for files in /opt/airflow/dags
[2026-02-22T12:32:07.780+0000] {manager.py:824} INFO - There are 0 files in /opt/airflow/dags
[2026-02-22T12:37:08.695+0000] {manager.py:821} INFO - Searching for files in /opt/airflow/dags
[2026-02-22T12:37:08.717+0000] {manager.py:824} INFO - There are 0 files in /opt/airflow/dags
[2026-02-22T12:42:11.125+0000] {manager.py:821} INFO - Searching for files in /opt/airflow/dags
[2026-02-22T12:42:11.147+0000] {manager.py:824} INFO - There are 0 files in /opt/airflow/dags
[2026-02-22T12:47:26.880+0000] {manager.py:821} INFO - Searching for files in /opt/airflow/dags
[2026-02-22T12:47:26.897+0000] {manager.py:824} INFO - There are 0 files in /opt/airflow/dags
[2026-02-22T12:52:27.548+0000] {manager.py:821} INFO - Searching for files in /opt/airflow/dags
[2026-02-22T12:52:27.565+0000] {manager.py:824} INFO - There are 0 files in /opt/airflow/dags
[2026-02-22T12:57:27.719+0000] {manager.py:821} INFO - Searching for files in /opt/airflow/dags
[2026-02-22T12:57:27.733+0000] {manager.py:824} INFO - There are 0 files in /opt/airflow/dags
[2026-02-22T12:58:54.561+0000] {manager.py:465} INFO - Exiting gracefully upon receiving signal 15
[2026-02-23T01:47:16.243+0000] {manager.py:483} INFO - Processing files using up to 2 processes at a time 
[2026-02-23T01:47:16.245+0000] {manager.py:484} INFO - Process each file at most once every 30 seconds
[2026-02-23T01:47:16.246+0000] {manager.py:485} INFO - Checking for new files in /opt/airflow/dags every 300 seconds
[2026-02-23T01:47:16.247+0000] {manager.py:821} INFO - Searching for files in /opt/airflow/dags
[2026-02-23T01:47:16.281+0000] {manager.py:824} INFO - There are 0 files in /opt/airflow/dags
[2026-02-23T01:52:17.291+0000] {manager.py:821} INFO - Searching for files in /opt/airflow/dags
[2026-02-23T01:52:17.321+0000] {manager.py:824} INFO - There are 0 files in /opt/airflow/dags
[2026-02-23T01:57:17.717+0000] {manager.py:821} INFO - Searching for files in /opt/airflow/dags
[2026-02-23T01:57:17.763+0000] {manager.py:824} INFO - There are 0 files in /opt/airflow/dags
[2026-02-23T02:02:18.074+0000] {manager.py:821} INFO - Searching for files in /opt/airflow/dags
[2026-02-23T02:02:18.109+0000] {manager.py:824} INFO - There are 0 files in /opt/airflow/dags
[2026-02-23T02:07:20.699+0000] {manager.py:821} INFO - Searching for files in /opt/airflow/dags
[2026-02-23T02:07:20.745+0000] {manager.py:824} INFO - There are 0 files in /opt/airflow/dags
