[2026-02-23T18:35:03.805+0000] {local_task_job_runner.py:123} INFO - ::group::Pre task execution logs
[2026-02-23T18:35:03.821+0000] {taskinstance.py:2613} INFO - Dependencies all met for dep_context=non-requeueable deps ti=<TaskInstance: weather_dbt_pipeline.dbt_run manual__2026-02-23T18:34:57.254034+00:00 [queued]>
[2026-02-23T18:35:03.828+0000] {taskinstance.py:2613} INFO - Dependencies all met for dep_context=requeueable deps ti=<TaskInstance: weather_dbt_pipeline.dbt_run manual__2026-02-23T18:34:57.254034+00:00 [queued]>
[2026-02-23T18:35:03.829+0000] {taskinstance.py:2866} INFO - Starting attempt 1 of 1
[2026-02-23T18:35:03.838+0000] {taskinstance.py:2889} INFO - Executing <Task(BashOperator): dbt_run> on 2026-02-23 18:34:57.254034+00:00
[2026-02-23T18:35:03.845+0000] {standard_task_runner.py:72} INFO - Started process 340 to run task
[2026-02-23T18:35:03.847+0000] {standard_task_runner.py:104} INFO - Running: ['***', 'tasks', 'run', 'weather_dbt_pipeline', 'dbt_run', 'manual__2026-02-23T18:34:57.254034+00:00', '--job-id', '9', '--raw', '--subdir', 'DAGS_FOLDER/weather_dbt_pipeline.py', '--cfg-path', '/tmp/tmprbc8z9e1']
[2026-02-23T18:35:03.852+0000] {standard_task_runner.py:105} INFO - Job 9: Subtask dbt_run
[2026-02-23T18:35:03.914+0000] {task_command.py:467} INFO - Running <TaskInstance: weather_dbt_pipeline.dbt_run manual__2026-02-23T18:34:57.254034+00:00 [running]> on host afe2ec64a205
[2026-02-23T18:35:03.998+0000] {taskinstance.py:3132} INFO - Exporting env vars: AIRFLOW_CTX_DAG_OWNER='***' AIRFLOW_CTX_DAG_ID='weather_dbt_pipeline' AIRFLOW_CTX_TASK_ID='dbt_run' AIRFLOW_CTX_EXECUTION_DATE='2026-02-23T18:34:57.254034+00:00' AIRFLOW_CTX_TRY_NUMBER='1' AIRFLOW_CTX_DAG_RUN_ID='manual__2026-02-23T18:34:57.254034+00:00'
[2026-02-23T18:35:04.000+0000] {taskinstance.py:731} INFO - ::endgroup::
[2026-02-23T18:35:04.010+0000] {subprocess.py:78} INFO - Tmp dir root location: /tmp
[2026-02-23T18:35:04.012+0000] {subprocess.py:88} INFO - Running command: ['/usr/bin/bash', '-c', '\n        cd $DBT_PROJECT_DIR &&         dbt run --profiles-dir $DBT_PROFILES_DIR\n        ']
[2026-02-23T18:35:04.024+0000] {subprocess.py:99} INFO - Output:
[2026-02-23T18:35:06.574+0000] {subprocess.py:106} INFO - [0m18:35:06  Running with dbt=1.10.7
[2026-02-23T18:35:06.899+0000] {subprocess.py:106} INFO - [0m18:35:06  Registered adapter: postgres=1.9.0
[2026-02-23T18:35:07.419+0000] {subprocess.py:106} INFO - [0m18:35:07  Found 4 models, 11 data tests, 1 source, 435 macros
[2026-02-23T18:35:07.423+0000] {subprocess.py:106} INFO - [0m18:35:07
[2026-02-23T18:35:07.424+0000] {subprocess.py:106} INFO - [0m18:35:07  Concurrency: 1 threads (target='dev')
[2026-02-23T18:35:07.425+0000] {subprocess.py:106} INFO - [0m18:35:07
[2026-02-23T18:35:07.648+0000] {subprocess.py:106} INFO - [0m18:35:07  1 of 4 START sql view model silver.stg_weather ................................. [RUN]
[2026-02-23T18:35:07.765+0000] {subprocess.py:106} INFO - [0m18:35:07  1 of 4 OK created sql view model silver.stg_weather ............................ [[32mCREATE VIEW[0m in 0.11s]
[2026-02-23T18:35:07.768+0000] {subprocess.py:106} INFO - [0m18:35:07  2 of 4 START sql table model gold.dim_date ..................................... [RUN]
[2026-02-23T18:35:07.864+0000] {subprocess.py:106} INFO - [0m18:35:07  2 of 4 OK created sql table model gold.dim_date ................................ [[32mSELECT 14[0m in 0.09s]
[2026-02-23T18:35:07.867+0000] {subprocess.py:106} INFO - [0m18:35:07  3 of 4 START sql table model gold.dim_location ................................. [RUN]
[2026-02-23T18:35:07.935+0000] {subprocess.py:106} INFO - [0m18:35:07  3 of 4 OK created sql table model gold.dim_location ............................ [[32mSELECT 4[0m in 0.07s]
[2026-02-23T18:35:07.938+0000] {subprocess.py:106} INFO - [0m18:35:07  4 of 4 START sql table model gold.fct_weather_daily ............................ [RUN]
[2026-02-23T18:35:08.012+0000] {subprocess.py:106} INFO - [0m18:35:08  4 of 4 OK created sql table model gold.fct_weather_daily ....................... [[32mSELECT 56[0m in 0.07s]
[2026-02-23T18:35:08.033+0000] {subprocess.py:106} INFO - [0m18:35:08
[2026-02-23T18:35:08.033+0000] {subprocess.py:106} INFO - [0m18:35:08  Finished running 3 table models, 1 view model in 0 hours 0 minutes and 0.61 seconds (0.61s).
[2026-02-23T18:35:08.076+0000] {subprocess.py:106} INFO - [0m18:35:08
[2026-02-23T18:35:08.077+0000] {subprocess.py:106} INFO - [0m18:35:08  [32mCompleted successfully[0m
[2026-02-23T18:35:08.079+0000] {subprocess.py:106} INFO - [0m18:35:08
[2026-02-23T18:35:08.081+0000] {subprocess.py:106} INFO - [0m18:35:08  Done. PASS=4 WARN=0 ERROR=0 SKIP=0 NO-OP=0 TOTAL=4
[2026-02-23T18:35:09.685+0000] {subprocess.py:110} INFO - Command exited with return code 0
[2026-02-23T18:35:09.713+0000] {taskinstance.py:340} INFO - ::group::Post task execution logs
[2026-02-23T18:35:09.714+0000] {taskinstance.py:352} INFO - Marking task as SUCCESS. dag_id=weather_dbt_pipeline, task_id=dbt_run, run_id=manual__2026-02-23T18:34:57.254034+00:00, execution_date=20260223T183457, start_date=20260223T183503, end_date=20260223T183509
[2026-02-23T18:35:09.763+0000] {local_task_job_runner.py:266} INFO - Task exited with return code 0
[2026-02-23T18:35:09.783+0000] {taskinstance.py:3895} INFO - 1 downstream tasks scheduled from follow-on schedule check
[2026-02-23T18:35:09.785+0000] {local_task_job_runner.py:245} INFO - ::endgroup::
