[2026-02-23T13:45:31.173+0000] {local_task_job_runner.py:123} INFO - ::group::Pre task execution logs
[2026-02-23T13:45:31.193+0000] {taskinstance.py:2613} INFO - Dependencies all met for dep_context=non-requeueable deps ti=<TaskInstance: weather_dbt_pipeline.init_warehouse manual__2026-02-23T13:45:30.733764+00:00 [queued]>
[2026-02-23T13:45:31.200+0000] {taskinstance.py:2613} INFO - Dependencies all met for dep_context=requeueable deps ti=<TaskInstance: weather_dbt_pipeline.init_warehouse manual__2026-02-23T13:45:30.733764+00:00 [queued]>
[2026-02-23T13:45:31.201+0000] {taskinstance.py:2866} INFO - Starting attempt 1 of 1
[2026-02-23T13:45:31.212+0000] {taskinstance.py:2889} INFO - Executing <Task(BashOperator): init_warehouse> on 2026-02-23 13:45:30.733764+00:00
[2026-02-23T13:45:31.218+0000] {standard_task_runner.py:72} INFO - Started process 294 to run task
[2026-02-23T13:45:31.222+0000] {standard_task_runner.py:104} INFO - Running: ['***', 'tasks', 'run', 'weather_dbt_pipeline', 'init_warehouse', 'manual__2026-02-23T13:45:30.733764+00:00', '--job-id', '9', '--raw', '--subdir', 'DAGS_FOLDER/weather_dbt_pipeline.py', '--cfg-path', '/tmp/tmpdx69vbz9']
[2026-02-23T13:45:31.226+0000] {standard_task_runner.py:105} INFO - Job 9: Subtask init_warehouse
[2026-02-23T13:45:31.306+0000] {task_command.py:467} INFO - Running <TaskInstance: weather_dbt_pipeline.init_warehouse manual__2026-02-23T13:45:30.733764+00:00 [running]> on host 4c7e7b736f6f
[2026-02-23T13:45:31.392+0000] {taskinstance.py:3132} INFO - Exporting env vars: AIRFLOW_CTX_DAG_OWNER='***' AIRFLOW_CTX_DAG_ID='weather_dbt_pipeline' AIRFLOW_CTX_TASK_ID='init_warehouse' AIRFLOW_CTX_EXECUTION_DATE='2026-02-23T13:45:30.733764+00:00' AIRFLOW_CTX_TRY_NUMBER='1' AIRFLOW_CTX_DAG_RUN_ID='manual__2026-02-23T13:45:30.733764+00:00'
[2026-02-23T13:45:31.394+0000] {taskinstance.py:731} INFO - ::endgroup::
[2026-02-23T13:45:31.403+0000] {subprocess.py:78} INFO - Tmp dir root location: /tmp
[2026-02-23T13:45:31.404+0000] {subprocess.py:88} INFO - Running command: ['/usr/bin/bash', '-c', '\n        psql -h $WAREHOUSE_HOST -p $WAREHOUSE_PORT -U $WAREHOUSE_USER -d $WAREHOUSE_DB              -f /opt/***/dbt/init_warehouse.sql\n        ']
[2026-02-23T13:45:31.419+0000] {subprocess.py:99} INFO - Output:
[2026-02-23T13:45:31.462+0000] {subprocess.py:106} INFO - psql:/opt/***/dbt/init_warehouse.sql:1: NOTICE:  schema "bronze" already exists, skipping
[2026-02-23T13:45:31.463+0000] {subprocess.py:106} INFO - CREATE SCHEMA
[2026-02-23T13:45:31.464+0000] {subprocess.py:106} INFO - psql:/opt/***/dbt/init_warehouse.sql:2: NOTICE:  schema "silver" already exists, skipping
[2026-02-23T13:45:31.465+0000] {subprocess.py:106} INFO - CREATE SCHEMA
[2026-02-23T13:45:31.466+0000] {subprocess.py:106} INFO - psql:/opt/***/dbt/init_warehouse.sql:3: NOTICE:  schema "gold" already exists, skipping
[2026-02-23T13:45:31.466+0000] {subprocess.py:106} INFO - CREATE SCHEMA
[2026-02-23T13:45:31.467+0000] {subprocess.py:106} INFO - psql:/opt/***/dbt/init_warehouse.sql:13: NOTICE:  relation "weather_raw" already exists, skipping
[2026-02-23T13:45:31.468+0000] {subprocess.py:106} INFO - CREATE TABLE
[2026-02-23T13:45:31.469+0000] {subprocess.py:110} INFO - Command exited with return code 0
[2026-02-23T13:45:31.498+0000] {taskinstance.py:340} INFO - ::group::Post task execution logs
[2026-02-23T13:45:31.499+0000] {taskinstance.py:352} INFO - Marking task as SUCCESS. dag_id=weather_dbt_pipeline, task_id=init_warehouse, run_id=manual__2026-02-23T13:45:30.733764+00:00, execution_date=20260223T134530, start_date=20260223T134531, end_date=20260223T134531
[2026-02-23T13:45:31.518+0000] {local_task_job_runner.py:266} INFO - Task exited with return code 0
[2026-02-23T13:45:31.542+0000] {taskinstance.py:3895} INFO - 1 downstream tasks scheduled from follow-on schedule check
[2026-02-23T13:45:31.544+0000] {local_task_job_runner.py:245} INFO - ::endgroup::
