[2026-02-23T14:00:07.550+0000] {local_task_job_runner.py:123} INFO - ::group::Pre task execution logs
[2026-02-23T14:00:07.566+0000] {taskinstance.py:2613} INFO - Dependencies all met for dep_context=non-requeueable deps ti=<TaskInstance: weather_dbt_pipeline.init_warehouse manual__2026-02-23T14:00:06.908995+00:00 [queued]>
[2026-02-23T14:00:07.572+0000] {taskinstance.py:2613} INFO - Dependencies all met for dep_context=requeueable deps ti=<TaskInstance: weather_dbt_pipeline.init_warehouse manual__2026-02-23T14:00:06.908995+00:00 [queued]>
[2026-02-23T14:00:07.574+0000] {taskinstance.py:2866} INFO - Starting attempt 1 of 1
[2026-02-23T14:00:07.582+0000] {taskinstance.py:2889} INFO - Executing <Task(BashOperator): init_warehouse> on 2026-02-23 14:00:06.908995+00:00
[2026-02-23T14:00:07.587+0000] {standard_task_runner.py:72} INFO - Started process 186 to run task
[2026-02-23T14:00:07.591+0000] {standard_task_runner.py:104} INFO - Running: ['***', 'tasks', 'run', 'weather_dbt_pipeline', 'init_warehouse', 'manual__2026-02-23T14:00:06.908995+00:00', '--job-id', '2', '--raw', '--subdir', 'DAGS_FOLDER/weather_dbt_pipeline.py', '--cfg-path', '/tmp/tmpoxryuufi']
[2026-02-23T14:00:07.594+0000] {standard_task_runner.py:105} INFO - Job 2: Subtask init_warehouse
[2026-02-23T14:00:07.656+0000] {task_command.py:467} INFO - Running <TaskInstance: weather_dbt_pipeline.init_warehouse manual__2026-02-23T14:00:06.908995+00:00 [running]> on host 0dfe855493e3
[2026-02-23T14:00:07.728+0000] {taskinstance.py:3132} INFO - Exporting env vars: AIRFLOW_CTX_DAG_OWNER='***' AIRFLOW_CTX_DAG_ID='weather_dbt_pipeline' AIRFLOW_CTX_TASK_ID='init_warehouse' AIRFLOW_CTX_EXECUTION_DATE='2026-02-23T14:00:06.908995+00:00' AIRFLOW_CTX_TRY_NUMBER='1' AIRFLOW_CTX_DAG_RUN_ID='manual__2026-02-23T14:00:06.908995+00:00'
[2026-02-23T14:00:07.729+0000] {taskinstance.py:731} INFO - ::endgroup::
[2026-02-23T14:00:07.754+0000] {subprocess.py:78} INFO - Tmp dir root location: /tmp
[2026-02-23T14:00:07.755+0000] {subprocess.py:88} INFO - Running command: ['/usr/bin/bash', '-c', '\n        psql -h $WAREHOUSE_HOST -p $WAREHOUSE_PORT -U $WAREHOUSE_USER -d $WAREHOUSE_DB              -f /opt/***/dbt/init_warehouse.sql\n        ']
[2026-02-23T14:00:07.766+0000] {subprocess.py:99} INFO - Output:
[2026-02-23T14:00:07.861+0000] {subprocess.py:106} INFO - CREATE SCHEMA
[2026-02-23T14:00:07.862+0000] {subprocess.py:106} INFO - CREATE SCHEMA
[2026-02-23T14:00:07.863+0000] {subprocess.py:106} INFO - CREATE SCHEMA
[2026-02-23T14:00:07.879+0000] {subprocess.py:106} INFO - CREATE TABLE
[2026-02-23T14:00:07.882+0000] {subprocess.py:110} INFO - Command exited with return code 0
[2026-02-23T14:00:07.907+0000] {taskinstance.py:340} INFO - ::group::Post task execution logs
[2026-02-23T14:00:07.908+0000] {taskinstance.py:352} INFO - Marking task as SUCCESS. dag_id=weather_dbt_pipeline, task_id=init_warehouse, run_id=manual__2026-02-23T14:00:06.908995+00:00, execution_date=20260223T140006, start_date=20260223T140007, end_date=20260223T140007
[2026-02-23T14:00:07.926+0000] {local_task_job_runner.py:266} INFO - Task exited with return code 0
[2026-02-23T14:00:07.947+0000] {taskinstance.py:3895} INFO - 1 downstream tasks scheduled from follow-on schedule check
[2026-02-23T14:00:07.949+0000] {local_task_job_runner.py:245} INFO - ::endgroup::
