[2026-02-23T18:24:34.959+0000] {local_task_job_runner.py:123} INFO - ::group::Pre task execution logs
[2026-02-23T18:24:34.979+0000] {taskinstance.py:2613} INFO - Dependencies all met for dep_context=non-requeueable deps ti=<TaskInstance: weather_dbt_pipeline.dbt_docs_generate manual__2026-02-23T18:24:15.768960+00:00 [queued]>
[2026-02-23T18:24:34.987+0000] {taskinstance.py:2613} INFO - Dependencies all met for dep_context=requeueable deps ti=<TaskInstance: weather_dbt_pipeline.dbt_docs_generate manual__2026-02-23T18:24:15.768960+00:00 [queued]>
[2026-02-23T18:24:34.989+0000] {taskinstance.py:2866} INFO - Starting attempt 1 of 1
[2026-02-23T18:24:35.000+0000] {taskinstance.py:2889} INFO - Executing <Task(BashOperator): dbt_docs_generate> on 2026-02-23 18:24:15.768960+00:00
[2026-02-23T18:24:35.007+0000] {standard_task_runner.py:72} INFO - Started process 219 to run task
[2026-02-23T18:24:35.010+0000] {standard_task_runner.py:104} INFO - Running: ['***', 'tasks', 'run', 'weather_dbt_pipeline', 'dbt_docs_generate', 'manual__2026-02-23T18:24:15.768960+00:00', '--job-id', '6', '--raw', '--subdir', 'DAGS_FOLDER/weather_dbt_pipeline.py', '--cfg-path', '/tmp/tmpls5euro2']
[2026-02-23T18:24:35.012+0000] {standard_task_runner.py:105} INFO - Job 6: Subtask dbt_docs_generate
[2026-02-23T18:24:35.082+0000] {task_command.py:467} INFO - Running <TaskInstance: weather_dbt_pipeline.dbt_docs_generate manual__2026-02-23T18:24:15.768960+00:00 [running]> on host afe2ec64a205
[2026-02-23T18:24:35.168+0000] {taskinstance.py:3132} INFO - Exporting env vars: AIRFLOW_CTX_DAG_OWNER='***' AIRFLOW_CTX_DAG_ID='weather_dbt_pipeline' AIRFLOW_CTX_TASK_ID='dbt_docs_generate' AIRFLOW_CTX_EXECUTION_DATE='2026-02-23T18:24:15.768960+00:00' AIRFLOW_CTX_TRY_NUMBER='1' AIRFLOW_CTX_DAG_RUN_ID='manual__2026-02-23T18:24:15.768960+00:00'
[2026-02-23T18:24:35.169+0000] {taskinstance.py:731} INFO - ::endgroup::
[2026-02-23T18:24:35.179+0000] {subprocess.py:78} INFO - Tmp dir root location: /tmp
[2026-02-23T18:24:35.181+0000] {subprocess.py:88} INFO - Running command: ['/usr/bin/bash', '-c', '\n        cd $DBT_PROJECT_DIR &&         dbt docs generate --profiles-dir $DBT_PROFILES_DIR\n        ']
[2026-02-23T18:24:35.193+0000] {subprocess.py:99} INFO - Output:
[2026-02-23T18:24:36.912+0000] {subprocess.py:106} INFO - [0m18:24:36  Running with dbt=1.10.7
[2026-02-23T18:24:37.091+0000] {subprocess.py:106} INFO - [0m18:24:37  Registered adapter: postgres=1.9.0
[2026-02-23T18:24:37.469+0000] {subprocess.py:106} INFO - [0m18:24:37  Found 4 models, 11 data tests, 1 source, 435 macros
[2026-02-23T18:24:37.472+0000] {subprocess.py:106} INFO - [0m18:24:37
[2026-02-23T18:24:37.474+0000] {subprocess.py:106} INFO - [0m18:24:37  Concurrency: 1 threads (target='dev')
[2026-02-23T18:24:37.475+0000] {subprocess.py:106} INFO - [0m18:24:37
[2026-02-23T18:24:38.065+0000] {subprocess.py:106} INFO - [0m18:24:38  Building catalog
[2026-02-23T18:24:38.166+0000] {subprocess.py:106} INFO - [0m18:24:38  Catalog written to /opt/***/dbt/weather_dbt/target/catalog.json
[2026-02-23T18:24:39.814+0000] {subprocess.py:110} INFO - Command exited with return code 0
[2026-02-23T18:24:39.845+0000] {taskinstance.py:340} INFO - ::group::Post task execution logs
[2026-02-23T18:24:39.846+0000] {taskinstance.py:352} INFO - Marking task as SUCCESS. dag_id=weather_dbt_pipeline, task_id=dbt_docs_generate, run_id=manual__2026-02-23T18:24:15.768960+00:00, execution_date=20260223T182415, start_date=20260223T182434, end_date=20260223T182439
[2026-02-23T18:24:39.886+0000] {local_task_job_runner.py:266} INFO - Task exited with return code 0
[2026-02-23T18:24:39.904+0000] {taskinstance.py:3895} INFO - 0 downstream tasks scheduled from follow-on schedule check
[2026-02-23T18:24:39.907+0000] {local_task_job_runner.py:245} INFO - ::endgroup::
