[2026-02-23T18:12:20.545+0000] {local_task_job_runner.py:123} INFO - ::group::Pre task execution logs
[2026-02-23T18:12:20.562+0000] {taskinstance.py:2613} INFO - Dependencies all met for dep_context=non-requeueable deps ti=<TaskInstance: weather_dbt_pipeline.dbt_docs_generate manual__2026-02-23T18:10:03.316389+00:00 [queued]>
[2026-02-23T18:12:20.568+0000] {taskinstance.py:2613} INFO - Dependencies all met for dep_context=requeueable deps ti=<TaskInstance: weather_dbt_pipeline.dbt_docs_generate manual__2026-02-23T18:10:03.316389+00:00 [queued]>
[2026-02-23T18:12:20.569+0000] {taskinstance.py:2866} INFO - Starting attempt 2 of 2
[2026-02-23T18:12:20.578+0000] {taskinstance.py:2889} INFO - Executing <Task(BashOperator): dbt_docs_generate> on 2026-02-23 18:10:03.316389+00:00
[2026-02-23T18:12:20.584+0000] {standard_task_runner.py:72} INFO - Started process 883 to run task
[2026-02-23T18:12:20.588+0000] {standard_task_runner.py:104} INFO - Running: ['***', 'tasks', 'run', 'weather_dbt_pipeline', 'dbt_docs_generate', 'manual__2026-02-23T18:10:03.316389+00:00', '--job-id', '30', '--raw', '--subdir', 'DAGS_FOLDER/weather_dbt_pipeline.py', '--cfg-path', '/tmp/tmp1xu2opjh']
[2026-02-23T18:12:20.591+0000] {standard_task_runner.py:105} INFO - Job 30: Subtask dbt_docs_generate
[2026-02-23T18:12:20.658+0000] {task_command.py:467} INFO - Running <TaskInstance: weather_dbt_pipeline.dbt_docs_generate manual__2026-02-23T18:10:03.316389+00:00 [running]> on host c6f1f190a75b
[2026-02-23T18:12:20.735+0000] {taskinstance.py:3132} INFO - Exporting env vars: AIRFLOW_CTX_DAG_OWNER='***' AIRFLOW_CTX_DAG_ID='weather_dbt_pipeline' AIRFLOW_CTX_TASK_ID='dbt_docs_generate' AIRFLOW_CTX_EXECUTION_DATE='2026-02-23T18:10:03.316389+00:00' AIRFLOW_CTX_TRY_NUMBER='2' AIRFLOW_CTX_DAG_RUN_ID='manual__2026-02-23T18:10:03.316389+00:00'
[2026-02-23T18:12:20.737+0000] {taskinstance.py:731} INFO - ::endgroup::
[2026-02-23T18:12:20.750+0000] {subprocess.py:78} INFO - Tmp dir root location: /tmp
[2026-02-23T18:12:20.752+0000] {subprocess.py:88} INFO - Running command: ['/usr/bin/bash', '-c', '\n        cd $DBT_PROJECT_DIR &&         dbt docs generate --profiles-dir $DBT_PROFILES_DIR\n        ']
[2026-02-23T18:12:20.764+0000] {subprocess.py:99} INFO - Output:
[2026-02-23T18:12:22.893+0000] {subprocess.py:106} INFO - [0m18:12:22  Running with dbt=1.10.7
[2026-02-23T18:12:23.168+0000] {subprocess.py:106} INFO - [0m18:12:23  Registered adapter: postgres=1.9.0
[2026-02-23T18:12:23.515+0000] {subprocess.py:106} INFO - [0m18:12:23  Found 4 models, 11 data tests, 1 source, 435 macros
[2026-02-23T18:12:23.517+0000] {subprocess.py:106} INFO - [0m18:12:23
[2026-02-23T18:12:23.519+0000] {subprocess.py:106} INFO - [0m18:12:23  Concurrency: 1 threads (target='dev')
[2026-02-23T18:12:23.520+0000] {subprocess.py:106} INFO - [0m18:12:23
[2026-02-23T18:12:23.990+0000] {subprocess.py:106} INFO - [0m18:12:23  Building catalog
[2026-02-23T18:12:24.065+0000] {subprocess.py:106} INFO - [0m18:12:24  Catalog written to /opt/***/dbt/weather_dbt/target/catalog.json
[2026-02-23T18:12:25.599+0000] {subprocess.py:110} INFO - Command exited with return code 0
[2026-02-23T18:12:25.625+0000] {taskinstance.py:340} INFO - ::group::Post task execution logs
[2026-02-23T18:12:25.626+0000] {taskinstance.py:352} INFO - Marking task as SUCCESS. dag_id=weather_dbt_pipeline, task_id=dbt_docs_generate, run_id=manual__2026-02-23T18:10:03.316389+00:00, execution_date=20260223T181003, start_date=20260223T181220, end_date=20260223T181225
[2026-02-23T18:12:25.643+0000] {local_task_job_runner.py:266} INFO - Task exited with return code 0
[2026-02-23T18:12:25.656+0000] {taskinstance.py:3895} INFO - 0 downstream tasks scheduled from follow-on schedule check
[2026-02-23T18:12:25.658+0000] {local_task_job_runner.py:245} INFO - ::endgroup::
